Fatal error on SSL transport
protocol: <asyncio.sslproto.SSLProtocol object at 0x104313100>
transport: <_SelectorSocketTransport closing fd=7>
Traceback (most recent call last):
  File "/opt/anaconda3/envs/sequence/lib/python3.10/asyncio/selector_events.py", line 924, in write
    n = self._sock.send(data)
OSError: [Errno 9] Bad file descriptor

During handling of the above exception, another exception occurred:

Traceback (most recent call last):
  File "/opt/anaconda3/envs/sequence/lib/python3.10/asyncio/sslproto.py", line 690, in _process_write_backlog
    self._transport.write(chunk)
  File "/opt/anaconda3/envs/sequence/lib/python3.10/asyncio/selector_events.py", line 930, in write
    self._fatal_error(exc, 'Fatal write error on socket transport')
  File "/opt/anaconda3/envs/sequence/lib/python3.10/asyncio/selector_events.py", line 725, in _fatal_error
    self._force_close(exc)
  File "/opt/anaconda3/envs/sequence/lib/python3.10/asyncio/selector_events.py", line 737, in _force_close
    self._loop.call_soon(self._call_connection_lost, exc)
  File "/opt/anaconda3/envs/sequence/lib/python3.10/asyncio/base_events.py", line 753, in call_soon
    self._check_closed()
  File "/opt/anaconda3/envs/sequence/lib/python3.10/asyncio/base_events.py", line 515, in _check_closed
    raise RuntimeError('Event loop is closed')
RuntimeError: Event loop is closed


ğŸš€ğŸš€ğŸš€ğŸš€ğŸš€ğŸš€ğŸš€ğŸš€ğŸš€ğŸš€ğŸš€ğŸš€ğŸš€ğŸš€ğŸš€ğŸš€ğŸš€ğŸš€ğŸš€ğŸš€ğŸš€ğŸš€ğŸš€ğŸš€ğŸš€ğŸš€ğŸš€ğŸš€ğŸš€ğŸš€ğŸš€ğŸš€ğŸš€ğŸš€ğŸš€ğŸš€ğŸš€ğŸš€ğŸš€ğŸš€
OKX WebSocket å¿«é€ŸéªŒè¯æµ‹è¯•
ğŸš€ğŸš€ğŸš€ğŸš€ğŸš€ğŸš€ğŸš€ğŸš€ğŸš€ğŸš€ğŸš€ğŸš€ğŸš€ğŸš€ğŸš€ğŸš€ğŸš€ğŸš€ğŸš€ğŸš€ğŸš€ğŸš€ğŸš€ğŸš€ğŸš€ğŸš€ğŸš€ğŸš€ğŸš€ğŸš€ğŸš€ğŸš€ğŸš€ğŸš€ğŸš€ğŸš€ğŸš€ğŸš€ğŸš€ğŸš€

================================================================================
ğŸ“‹ æµ‹è¯•1: Kçº¿é¢‘é“å¿«é€ŸéªŒè¯ï¼ˆ15ç§’ï¼‰
================================================================================

âœ… åˆ›å»ºWebSocketå®¢æˆ·ç«¯ï¼ˆbusinessç«¯ç‚¹ï¼‰
âœ… WebSocketè¿æ¥æˆåŠŸ: wss://wspap.okx.com:8443/ws/v5/business
âœ… WebSocketè¿æ¥æˆåŠŸ
ğŸ“¤ å‘é€è®¢é˜…è¯·æ±‚: [{'channel': 'candle1m', 'instId': 'BTC-USDT'}]
âœ… è®¢é˜…æˆåŠŸ: BTC-USDT 1åˆ†é’ŸKçº¿

â³ ç­‰å¾…15ç§’æ¥æ”¶æ•°æ®...
âœ… è®¢é˜…æˆåŠŸ: {'channel': 'candle1m', 'instId': 'BTC-USDT'}
   æ”¶åˆ°Kçº¿æ•°æ®: O=90919, H=90919, L=90849.9, C=90865.5
   æ”¶åˆ°Kçº¿æ•°æ®: O=90919, H=90919, L=90849.9, C=90865.7
   æ”¶åˆ°Kçº¿æ•°æ®: O=90919, H=90919, L=90849.9, C=90861.3

âœ… å…±æ”¶åˆ° 7 æ¡Kçº¿æ•°æ®
ğŸ“¤ å‘é€å–æ¶ˆè®¢é˜…è¯·æ±‚: [{'channel': 'candle1m', 'instId': 'BTC-USDT'}]
ğŸ“¥ æ¥æ”¶æ¶ˆæ¯ä»»åŠ¡å·²å–æ¶ˆ
ğŸ’“ å¿ƒè·³ä»»åŠ¡å·²å–æ¶ˆ
âœ… WebSocketè¿æ¥å·²å…³é—­
âœ… æµ‹è¯•å®Œæˆ

================================================================================
ğŸ“‹ æµ‹è¯•2: äº¤æ˜“é¢‘é“å¿«é€ŸéªŒè¯ï¼ˆ10ç§’ï¼‰
================================================================================

âœ… åˆ›å»ºWebSocketå®¢æˆ·ç«¯
âœ… WebSocketè¿æ¥æˆåŠŸ: wss://wspap.okx.com:8443/ws/v5/public
âœ… WebSocketè¿æ¥æˆåŠŸ
ğŸ“¤ å‘é€è®¢é˜…è¯·æ±‚: [{'channel': 'trades', 'instId': 'BTC-USDT'}]
âœ… è®¢é˜…æˆåŠŸ: BTC-USDT äº¤æ˜“æ•°æ®

â³ ç­‰å¾…10ç§’æ¥æ”¶æ•°æ®...
âœ… è®¢é˜…æˆåŠŸ: {'channel': 'trades', 'instId': 'BTC-USDT'}
   äº¤æ˜“: sell 0.04288396 @ 90848.9
   äº¤æ˜“: sell 0.00021604 @ 90848.5
   äº¤æ˜“: sell 0.00023326 @ 90848.5
   äº¤æ˜“: sell 0.00044931 @ 90848.1
   äº¤æ˜“: sell 0.00082106 @ 90847.8

âœ… å…±æ”¶åˆ° 33 ç¬”äº¤æ˜“
ğŸ“¤ å‘é€å–æ¶ˆè®¢é˜…è¯·æ±‚: [{'channel': 'trades', 'instId': 'BTC-USDT'}]
ğŸ“¥ æ¥æ”¶æ¶ˆæ¯ä»»åŠ¡å·²å–æ¶ˆ
ğŸ’“ å¿ƒè·³ä»»åŠ¡å·²å–æ¶ˆ
âœ… WebSocketè¿æ¥å·²å…³é—­
âœ… æµ‹è¯•å®Œæˆ

================================================================================
ğŸ“‹ æµ‹è¯•3: é€‚é…å™¨é›†æˆå¿«é€ŸéªŒè¯ï¼ˆ15ç§’ï¼‰
================================================================================

âœ… åˆ›å»ºEventEngineå’Œé€‚é…å™¨
ğŸš€ å¯åŠ¨OKXè¡Œæƒ…æ•°æ®é€‚é…å™¨...
âœ… WebSocketè¿æ¥æˆåŠŸ: wss://wspap.okx.com:8443/ws/v5/public
âœ… OKXè¡Œæƒ…æ•°æ®é€‚é…å™¨å¯åŠ¨æˆåŠŸ
âœ… é€‚é…å™¨å¯åŠ¨æˆåŠŸ
âœ… WebSocketè¿æ¥æˆåŠŸ: wss://wspap.okx.com:8443/ws/v5/business
ğŸ“¤ å‘é€è®¢é˜…è¯·æ±‚: [{'channel': 'candle1m', 'instId': 'BTC-USDT'}]
âœ… è®¢é˜…Kçº¿: BTC-USDT (1m)
âœ… è®¢é˜…Kçº¿: BTC-USDT 1m
ğŸ“¤ å‘é€è®¢é˜…è¯·æ±‚: [{'channel': 'trades', 'instId': 'BTC-USDT'}]
âœ… è®¢é˜…äº¤æ˜“æ•°æ®: BTC-USDT
âœ… è®¢é˜…äº¤æ˜“: BTC-USDT

â³ ç­‰å¾…15ç§’æ¥æ”¶äº‹ä»¶...
âœ… è®¢é˜…æˆåŠŸ: {'channel': 'candle1m', 'instId': 'BTC-USDT'}
   ğŸ“Š KlineData: BTC-USDT 1m C=90807.5
âœ… è®¢é˜…æˆåŠŸ: {'channel': 'trades', 'instId': 'BTC-USDT'}
   ğŸ’° TradeData: BTC-USDT sell 0.0987292 @ 90804.9
   ğŸ’° TradeData: BTC-USDT sell 0.00044921 @ 90804.5
   ğŸ’° TradeData: BTC-USDT sell 0.00044923 @ 90804.1
   ğŸ“Š KlineData: BTC-USDT 1m C=90806.1
   ğŸ“Š KlineData: BTC-USDT 1m C=90804.1
   ğŸ’° TradeData: BTC-USDT sell 0.0431 @ 90804.0
   ğŸ’° TradeData: BTC-USDT sell 0.00044925 @ 90802.7

âœ… æ”¶åˆ°äº‹ä»¶: KlineData=15, TradeData=94
ğŸ›‘ åœæ­¢OKXè¡Œæƒ…æ•°æ®é€‚é…å™¨...
ğŸ“¥ æ¥æ”¶æ¶ˆæ¯ä»»åŠ¡å·²å–æ¶ˆ
ğŸ’“ å¿ƒè·³ä»»åŠ¡å·²å–æ¶ˆ
âœ… WebSocketè¿æ¥å·²å…³é—­
âœ… OKXè¡Œæƒ…æ•°æ®é€‚é…å™¨å·²åœæ­¢
âœ… æµ‹è¯•å®Œæˆ

================================================================================
ğŸ“Š æµ‹è¯•ç»“æœæ±‡æ€»
================================================================================

æµ‹è¯•ç»“æœ:
   Kçº¿é¢‘é“           : âœ… é€šè¿‡
   äº¤æ˜“é¢‘é“           : âœ… é€šè¿‡
   é€‚é…å™¨é›†æˆ         : âœ… é€šè¿‡

æ€»è®¡: 3/3 ä¸ªæµ‹è¯•é€šè¿‡

ğŸ‰ æ‰€æœ‰æµ‹è¯•é€šè¿‡ï¼
================================================================================
ğŸ’“ å¿ƒè·³ä»»åŠ¡å·²å–æ¶ˆ
ğŸ“¥ æ¥æ”¶æ¶ˆæ¯ä»»åŠ¡å·²å–æ¶ˆ

