KeyError('active_prefix_name')
Traceback (most recent call last):
  File "/opt/anaconda3/lib/python3.12/site-packages/conda/exception_handler.py", line 18, in __call__
    return func(*args, **kwargs)
           ^^^^^^^^^^^^^^^^^^^^^
  File "/opt/anaconda3/lib/python3.12/site-packages/conda/cli/main.py", line 29, in main_subshell
    from .conda_argparse import do_call, generate_parser, generate_pre_parser
  File "/opt/anaconda3/lib/python3.12/site-packages/conda/cli/conda_argparse.py", line 52, in <module>
    from .main_create import configure_parser as configure_parser_create
  File "/opt/anaconda3/lib/python3.12/site-packages/conda/cli/main_create.py", line 16, in <module>
    from ..notices import notices
  File "/opt/anaconda3/lib/python3.12/site-packages/conda/notices/__init__.py", line 3, in <module>
    from .core import notices  # noqa: F401
    ^^^^^^^^^^^^^^^^^^^^^^^^^
  File "/opt/anaconda3/lib/python3.12/site-packages/conda/notices/core.py", line 15, in <module>
    from . import cache, fetch, views
  File "/opt/anaconda3/lib/python3.12/site-packages/conda/notices/fetch.py", line 11, in <module>
    import requests
  File "/opt/anaconda3/lib/python3.12/site-packages/requests/__init__.py", line 164, in <module>
    from .api import delete, get, head, options, patch, post, put, request
  File "/opt/anaconda3/lib/python3.12/site-packages/requests/api.py", line 11, in <module>
    from . import sessions
  File "/opt/anaconda3/lib/python3.12/site-packages/requests/sessions.py", line 15, in <module>
    from .adapters import HTTPAdapter
  File "/opt/anaconda3/lib/python3.12/site-packages/requests/adapters.py", line 81, in <module>
    _preloaded_ssl_context.load_verify_locations(
PermissionError: [Errno 1] Operation not permitted

During handling of the above exception, another exception occurred:

Traceback (most recent call last):
  File "/opt/anaconda3/lib/python3.12/site-packages/conda/exception_handler.py", line 165, in print_unexpected_error_report
    get_main_info_str(error_report["conda_info"])
  File "/opt/anaconda3/lib/python3.12/site-packages/conda/cli/main_info.py", line 400, in get_main_info_str
    display_info = get_main_info_display(info_dict)
                   ^^^^^^^^^^^^^^^^^^^^^^^^^^^^^^^^
  File "/opt/anaconda3/lib/python3.12/site-packages/conda/cli/main_info.py", line 390, in get_main_info_display
    return {key: value for key, value in builder()}
                                         ^^^^^^^^^
  File "/opt/anaconda3/lib/python3.12/site-packages/conda/cli/main_info.py", line 350, in builder
    if info_dict["active_prefix_name"]:
       ~~~~~~~~~^^^^^^^^^^^^^^^^^^^^^^
KeyError: 'active_prefix_name'

# >>>>>>>>>>>>>>>>>>>>>> ERROR REPORT <<<<<<<<<<<<<<<<<<<<<<

    Traceback (most recent call last):
      File "/opt/anaconda3/lib/python3.12/site-packages/conda/exception_handler.py", line 18, in __call__
        return func(*args, **kwargs)
               ^^^^^^^^^^^^^^^^^^^^^
      File "/opt/anaconda3/lib/python3.12/site-packages/conda/cli/main.py", line 29, in main_subshell
        from .conda_argparse import do_call, generate_parser, generate_pre_parser
      File "/opt/anaconda3/lib/python3.12/site-packages/conda/cli/conda_argparse.py", line 52, in <module>
        from .main_create import configure_parser as configure_parser_create
      File "/opt/anaconda3/lib/python3.12/site-packages/conda/cli/main_create.py", line 16, in <module>
        from ..notices import notices
      File "/opt/anaconda3/lib/python3.12/site-packages/conda/notices/__init__.py", line 3, in <module>
        from .core import notices  # noqa: F401
        ^^^^^^^^^^^^^^^^^^^^^^^^^
      File "/opt/anaconda3/lib/python3.12/site-packages/conda/notices/core.py", line 15, in <module>
        from . import cache, fetch, views
      File "/opt/anaconda3/lib/python3.12/site-packages/conda/notices/fetch.py", line 11, in <module>
        import requests
      File "/opt/anaconda3/lib/python3.12/site-packages/requests/__init__.py", line 164, in <module>
        from .api import delete, get, head, options, patch, post, put, request
      File "/opt/anaconda3/lib/python3.12/site-packages/requests/api.py", line 11, in <module>
        from . import sessions
      File "/opt/anaconda3/lib/python3.12/site-packages/requests/sessions.py", line 15, in <module>
        from .adapters import HTTPAdapter
      File "/opt/anaconda3/lib/python3.12/site-packages/requests/adapters.py", line 81, in <module>
        _preloaded_ssl_context.load_verify_locations(
    PermissionError: [Errno 1] Operation not permitted

`$ /opt/anaconda3/bin/conda run -n sequence python strategies/simple_trend_strategy.py`

  environment variables:
conda info could not be constructed.
KeyError('active_prefix_name')

An unexpected error has occurred. Conda has prepared the above report.
If you suspect this error is being caused by a malfunctioning plugin,
consider using the --no-plugins option to turn off plugins.

Example: conda --no-plugins install <package>

Alternatively, you can set the CONDA_NO_PLUGINS environment variable on
the command line to run the command without plugins enabled.

Example: CONDA_NO_PLUGINS=true conda install <package>

